<?xml version="1.0" encoding="UTF-8"?>
<coverage generated="1660680728923" clover="3.2.0">
  <project timestamp="1660680728923" name="All files">
    <metrics statements="21" coveredstatements="21" conditionals="8" coveredconditionals="8" methods="10" coveredmethods="10" elements="39" coveredelements="39" complexity="0" loc="21" ncloc="21" packages="2" files="9" classes="9"/>
    <package name="components">
      <metrics statements="19" coveredstatements="19" conditionals="8" coveredconditionals="8" methods="10" coveredmethods="10"/>
      <file name="About.jsx" path="/home/daniel/Documents/Daniel/danielms-dev/src/components/About.jsx">
        <metrics statements="2" coveredstatements="2" conditionals="0" coveredconditionals="0" methods="1" coveredmethods="1"/>
        <line num="3" count="1" type="stmt"/>
        <line num="4" count="1" type="stmt"/>
      </file>
      <file name="Contact.jsx" path="/home/daniel/Documents/Daniel/danielms-dev/src/components/Contact.jsx">
        <metrics statements="2" coveredstatements="2" conditionals="0" coveredconditionals="0" methods="1" coveredmethods="1"/>
        <line num="3" count="1" type="stmt"/>
        <line num="4" count="1" type="stmt"/>
      </file>
      <file name="Footer.jsx" path="/home/daniel/Documents/Daniel/danielms-dev/src/components/Footer.jsx">
        <metrics statements="2" coveredstatements="2" conditionals="0" coveredconditionals="0" methods="1" coveredmethods="1"/>
        <line num="3" count="1" type="stmt"/>
        <line num="4" count="1" type="stmt"/>
      </file>
      <file name="Hero.jsx" path="/home/daniel/Documents/Daniel/danielms-dev/src/components/Hero.jsx">
        <metrics statements="2" coveredstatements="2" conditionals="0" coveredconditionals="0" methods="1" coveredmethods="1"/>
        <line num="3" count="1" type="stmt"/>
        <line num="4" count="1" type="stmt"/>
      </file>
      <file name="Navbar.jsx" path="/home/daniel/Documents/Daniel/danielms-dev/src/components/Navbar.jsx">
        <metrics statements="5" coveredstatements="5" conditionals="0" coveredconditionals="0" methods="2" coveredmethods="2"/>
        <line num="3" count="1" type="stmt"/>
        <line num="4" count="2" type="stmt"/>
        <line num="5" count="1" type="stmt"/>
        <line num="6" count="1" type="stmt"/>
        <line num="9" count="2" type="stmt"/>
      </file>
      <file name="Portfolio.jsx" path="/home/daniel/Documents/Daniel/danielms-dev/src/components/Portfolio.jsx">
        <metrics statements="3" coveredstatements="3" conditionals="6" coveredconditionals="6" methods="2" coveredmethods="2"/>
        <line num="4" count="1" type="stmt"/>
        <line num="5" count="1" type="stmt"/>
        <line num="12" count="6" type="stmt"/>
      </file>
      <file name="Skills.jsx" path="/home/daniel/Documents/Daniel/danielms-dev/src/components/Skills.jsx">
        <metrics statements="3" coveredstatements="3" conditionals="2" coveredconditionals="2" methods="2" coveredmethods="2"/>
        <line num="4" count="1" type="stmt"/>
        <line num="5" count="1" type="stmt"/>
        <line num="12" count="11" type="stmt"/>
      </file>
    </package>
    <package name="constants">
      <metrics statements="2" coveredstatements="2" conditionals="0" coveredconditionals="0" methods="0" coveredmethods="0"/>
      <file name="projects.constants.js" path="/home/daniel/Documents/Daniel/danielms-dev/src/constants/projects.constants.js">
        <metrics statements="1" coveredstatements="1" conditionals="0" coveredconditionals="0" methods="0" coveredmethods="0"/>
        <line num="1" count="1" type="stmt"/>
      </file>
      <file name="skills.constants.js" path="/home/daniel/Documents/Daniel/danielms-dev/src/constants/skills.constants.js">
        <metrics statements="1" coveredstatements="1" conditionals="0" coveredconditionals="0" methods="0" coveredmethods="0"/>
        <line num="1" count="1" type="stmt"/>
      </file>
    </package>
  </project>
</coverage>
