{"/home/daniel/Documents/Daniel/danielms-dev/src/components/About.jsx": {"path":"/home/daniel/Documents/Daniel/danielms-dev/src/components/About.jsx","statementMap":{"0":{"start":{"line":3,"column":14},"end":{"line":18,"column":1}},"1":{"start":{"line":4,"column":2},"end":{"line":17,"column":3}}},"fnMap":{"0":{"name":"(anonymous_0)","decl":{"start":{"line":3,"column":14},"end":{"line":3,"column":15}},"loc":{"start":{"line":3,"column":18},"end":{"line":18,"column":1}},"line":3}},"branchMap":{},"s":{"0":1,"1":1},"f":{"0":1},"b":{},"_coverageSchema":"1a1c01bbd47fc00a2c39e90264f33305004495a9","hash":"8ac9387eebb163f50fc5f80e6dc9cc66af58a8e0"}
,"/home/daniel/Documents/Daniel/danielms-dev/src/components/Contact.jsx": {"path":"/home/daniel/Documents/Daniel/danielms-dev/src/components/Contact.jsx","statementMap":{"0":{"start":{"line":3,"column":16},"end":{"line":68,"column":1}},"1":{"start":{"line":4,"column":2},"end":{"line":67,"column":9}}},"fnMap":{"0":{"name":"(anonymous_0)","decl":{"start":{"line":3,"column":16},"end":{"line":3,"column":17}},"loc":{"start":{"line":3,"column":20},"end":{"line":68,"column":1}},"line":3}},"branchMap":{},"s":{"0":1,"1":1},"f":{"0":1},"b":{},"_coverageSchema":"1a1c01bbd47fc00a2c39e90264f33305004495a9","hash":"771ad8478adbd3934d90b410c922f755d55019ab"}
,"/home/daniel/Documents/Daniel/danielms-dev/src/components/Footer.jsx": {"path":"/home/daniel/Documents/Daniel/danielms-dev/src/components/Footer.jsx","statementMap":{"0":{"start":{"line":3,"column":15},"end":{"line":18,"column":1}},"1":{"start":{"line":4,"column":2},"end":{"line":17,"column":3}}},"fnMap":{"0":{"name":"(anonymous_0)","decl":{"start":{"line":3,"column":15},"end":{"line":3,"column":16}},"loc":{"start":{"line":3,"column":19},"end":{"line":18,"column":1}},"line":3}},"branchMap":{},"s":{"0":1,"1":1},"f":{"0":1},"b":{},"_coverageSchema":"1a1c01bbd47fc00a2c39e90264f33305004495a9","hash":"f1f6078dcdf5d3f1d897ddfce48bde7c93bd3bd3"}
,"/home/daniel/Documents/Daniel/danielms-dev/src/components/Hero.jsx": {"path":"/home/daniel/Documents/Daniel/danielms-dev/src/components/Hero.jsx","statementMap":{"0":{"start":{"line":3,"column":13},"end":{"line":28,"column":1}},"1":{"start":{"line":4,"column":2},"end":{"line":27,"column":3}}},"fnMap":{"0":{"name":"(anonymous_0)","decl":{"start":{"line":3,"column":13},"end":{"line":3,"column":14}},"loc":{"start":{"line":3,"column":17},"end":{"line":28,"column":1}},"line":3}},"branchMap":{},"s":{"0":1,"1":1},"f":{"0":1},"b":{},"_coverageSchema":"1a1c01bbd47fc00a2c39e90264f33305004495a9","hash":"85c2df6c64e858eb584ff4e6bd9856e2db4963d6"}
,"/home/daniel/Documents/Daniel/danielms-dev/src/components/Navbar.jsx": {"path":"/home/daniel/Documents/Daniel/danielms-dev/src/components/Navbar.jsx","statementMap":{"0":{"start":{"line":3,"column":14},"end":{"line":40,"column":1}},"1":{"start":{"line":4,"column":23},"end":{"line":7,"column":3}},"2":{"start":{"line":5,"column":19},"end":{"line":5,"column":60}},"3":{"start":{"line":6,"column":4},"end":{"line":6,"column":37}},"4":{"start":{"line":9,"column":2},"end":{"line":39,"column":11}}},"fnMap":{"0":{"name":"(anonymous_0)","decl":{"start":{"line":3,"column":14},"end":{"line":3,"column":15}},"loc":{"start":{"line":3,"column":19},"end":{"line":40,"column":1}},"line":3},"1":{"name":"(anonymous_1)","decl":{"start":{"line":4,"column":23},"end":{"line":4,"column":24}},"loc":{"start":{"line":4,"column":27},"end":{"line":7,"column":3}},"line":4}},"branchMap":{},"s":{"0":1,"1":2,"2":1,"3":1,"4":2},"f":{"0":2,"1":1},"b":{},"_coverageSchema":"1a1c01bbd47fc00a2c39e90264f33305004495a9","hash":"d1a08894bcd9ad767fee40ee847458f3651b25ef"}
,"/home/daniel/Documents/Daniel/danielms-dev/src/components/Portfolio.jsx": {"path":"/home/daniel/Documents/Daniel/danielms-dev/src/components/Portfolio.jsx","statementMap":{"0":{"start":{"line":4,"column":18},"end":{"line":34,"column":1}},"1":{"start":{"line":5,"column":2},"end":{"line":33,"column":3}},"2":{"start":{"line":12,"column":14},"end":{"line":28,"column":20}}},"fnMap":{"0":{"name":"(anonymous_0)","decl":{"start":{"line":4,"column":18},"end":{"line":4,"column":19}},"loc":{"start":{"line":4,"column":22},"end":{"line":34,"column":1}},"line":4},"1":{"name":"(anonymous_1)","decl":{"start":{"line":11,"column":38},"end":{"line":11,"column":39}},"loc":{"start":{"line":12,"column":14},"end":{"line":28,"column":20}},"line":12}},"branchMap":{"0":{"loc":{"start":{"line":11,"column":13},"end":{"line":28,"column":22}},"type":"binary-expr","locations":[{"start":{"line":11,"column":13},"end":{"line":11,"column":21}},{"start":{"line":11,"column":25},"end":{"line":28,"column":22}}],"line":11},"1":{"loc":{"start":{"line":13,"column":17},"end":{"line":15,"column":25}},"type":"binary-expr","locations":[{"start":{"line":13,"column":17},"end":{"line":13,"column":30}},{"start":{"line":13,"column":34},"end":{"line":15,"column":25}}],"line":13},"2":{"loc":{"start":{"line":24,"column":17},"end":{"line":27,"column":20}},"type":"binary-expr","locations":[{"start":{"line":24,"column":17},"end":{"line":24,"column":35}},{"start":{"line":24,"column":39},"end":{"line":27,"column":20}}],"line":24}},"s":{"0":1,"1":1,"2":6},"f":{"0":1,"1":6},"b":{"0":[1,1],"1":[6,6],"2":[6,5]},"_coverageSchema":"1a1c01bbd47fc00a2c39e90264f33305004495a9","hash":"01f87fea373ff23fe6a6eee92c024b384ecc83d1"}
,"/home/daniel/Documents/Daniel/danielms-dev/src/components/Skills.jsx": {"path":"/home/daniel/Documents/Daniel/danielms-dev/src/components/Skills.jsx","statementMap":{"0":{"start":{"line":4,"column":15},"end":{"line":27,"column":1}},"1":{"start":{"line":5,"column":2},"end":{"line":26,"column":3}},"2":{"start":{"line":12,"column":14},"end":{"line":21,"column":20}}},"fnMap":{"0":{"name":"(anonymous_0)","decl":{"start":{"line":4,"column":15},"end":{"line":4,"column":16}},"loc":{"start":{"line":4,"column":19},"end":{"line":27,"column":1}},"line":4},"1":{"name":"(anonymous_1)","decl":{"start":{"line":11,"column":34},"end":{"line":11,"column":35}},"loc":{"start":{"line":12,"column":14},"end":{"line":21,"column":20}},"line":12}},"branchMap":{"0":{"loc":{"start":{"line":11,"column":13},"end":{"line":21,"column":22}},"type":"binary-expr","locations":[{"start":{"line":11,"column":13},"end":{"line":11,"column":19}},{"start":{"line":11,"column":23},"end":{"line":21,"column":22}}],"line":11}},"s":{"0":1,"1":1,"2":11},"f":{"0":1,"1":11},"b":{"0":[1,1]},"_coverageSchema":"1a1c01bbd47fc00a2c39e90264f33305004495a9","hash":"268a7e4e0d71883907fa5afe1739f835dbe5e730"}
,"/home/daniel/Documents/Daniel/danielms-dev/src/constants/projects.constants.js": {"path":"/home/daniel/Documents/Daniel/danielms-dev/src/constants/projects.constants.js","statementMap":{"0":{"start":{"line":1,"column":24},"end":{"line":44,"column":1}}},"fnMap":{},"branchMap":{},"s":{"0":1},"f":{},"b":{},"_coverageSchema":"1a1c01bbd47fc00a2c39e90264f33305004495a9","hash":"507c02aef33d8d6f7ac63b7aaddac26c7ccf85b4"}
,"/home/daniel/Documents/Daniel/danielms-dev/src/constants/skills.constants.js": {"path":"/home/daniel/Documents/Daniel/danielms-dev/src/constants/skills.constants.js","statementMap":{"0":{"start":{"line":1,"column":22},"end":{"line":28,"column":1}}},"fnMap":{},"branchMap":{},"s":{"0":1},"f":{},"b":{},"_coverageSchema":"1a1c01bbd47fc00a2c39e90264f33305004495a9","hash":"4f0a3f107429bd168379890624f38270772962f2"}
}
